<?xml version="1.0" encoding="UTF-8"?>
<!-- Generated by org.testng.reporters.JUnitXMLReporter -->
<testsuite ignored="0" hostname="DESKTOP-5TNOS95" failures="0" tests="3" name="Default test" time="0.179" errors="0" timestamp="2020-06-03T14:15:29 IST">
  <testcase classname="com.expedia.flightbooking.TestNG_Grouping" name="testBMW6" time="0.018"/>
  <testcase classname="com.expedia.flightbooking.TestNG_Grouping" name="testHonda" time="0.004"/>
  <testcase classname="com.expedia.flightbooking.TestNG_Grouping" name="testaudi" time="0.003"/>
</testsuite> <!-- Default test -->
